2025-04-08 00:07:48,418 - INFO - Dados enviados para processamento via MQTT
2025-04-08 00:07:49,221 - INFO - Mensagem recebida no tópico api-fatec/estacao/dados/
2025-04-08 00:07:49,351 - INFO - Dados salvos no MongoDB com sucesso após 1 tentativa(s)
2025-04-08 00:09:44,301 - ERROR - Erro na conexão MQTT: timed out
2025-04-08 00:31:53,327 - INFO - Dados enviados para processamento via MQTT
2025-04-08 00:31:54,066 - INFO - Mensagem recebida no tópico api-fatec/estacao/dados/
2025-04-08 00:31:54,156 - INFO - Dados salvos no MongoDB com sucesso após 1 tentativa(s)
2025-04-08 18:02:16,400 - INFO - Dados enviados para processamento via MQTT
2025-04-10 11:44:07,553 - ERROR - Erro ao processar mensagem: 'Estacao' object has no attribute 'uuid'
2025-04-10 11:44:09,733 - ERROR - Erro ao processar mensagem: 'Estacao' object has no attribute 'uuid'
2025-04-10 11:54:10,073 - INFO - Serviço MQTT iniciado
2025-04-10 11:54:18,632 - INFO - Recebendo dados da estação: 9d22d9eb-c560-4000-bd88-c70595c7d900
2025-04-10 11:54:18,900 - INFO - HTTP Request: GET http://localhost:3000/api/estacao/9d22d9eb-c560-4000-bd88-c70595c7d900 "HTTP/1.1 200 OK"
2025-04-10 11:54:18,900 - INFO - Estação 9d22d9eb-c560-4000-bd88-c70595c7d900 verificada com sucesso na API externa
2025-04-10 11:54:19,046 - INFO - Dados da estação 9d22d9eb-c560-4000-bd88-c70595c7d900 salvos com sucesso
2025-04-10 11:54:21,180 - INFO - Recebendo dados da estação: invalid-uid-123
2025-04-10 11:54:21,381 - INFO - HTTP Request: GET http://localhost:3000/api/estacao/invalid-uid-123 "HTTP/1.1 500 Internal Server Error"
2025-04-10 11:54:21,382 - ERROR - Erro na API externa: 500 - {"error":"Estação não encontrada"}
2025-04-10 11:54:21,382 - ERROR - Erro de conexão com API externa: 500: Erro ao verificar estação na API externa
2025-04-10 11:54:21,382 - ERROR - Erro ao processar mensagem: 500: Erro interno ao verificar estação
2025-04-10 11:54:21,382 - ERROR - Erro ao processar requisição: Falha ao processar mensagem: 500: Erro interno ao verificar estação
2025-04-10 11:56:52,205 - INFO - Serviço MQTT iniciado
2025-04-10 11:57:09,745 - INFO - Serviço MQTT iniciado
2025-04-10 11:57:16,995 - INFO - Recebendo dados da estação: 9d22d9eb-c560-4000-bd88-c70595c7d900
2025-04-10 11:57:17,222 - INFO - HTTP Request: GET http://localhost:3000/api/estacao/9d22d9eb-c560-4000-bd88-c70595c7d900 "HTTP/1.1 200 OK"
2025-04-10 11:57:17,223 - INFO - Estação 9d22d9eb-c560-4000-bd88-c70595c7d900 verificada com sucesso
2025-04-10 11:57:17,313 - INFO - Dados da estação 9d22d9eb-c560-4000-bd88-c70595c7d900 salvos com sucesso
2025-04-10 11:57:19,457 - INFO - Recebendo dados da estação: invalid-uid-123
2025-04-10 11:57:19,664 - INFO - HTTP Request: GET http://localhost:3000/api/estacao/invalid-uid-123 "HTTP/1.1 500 Internal Server Error"
2025-04-10 11:57:19,664 - ERROR - Erro na API externa: 500
2025-04-10 11:57:19,664 - WARNING - Estação invalid-uid-123 não encontrada na API externa
2025-04-10 11:57:19,664 - ERROR - Erro ao processar requisição: 404: Estação não encontrada na API externa
2025-04-10 14:41:51,515 - INFO - Iniciando serviço MQTT...
2025-04-10 14:41:52,206 - INFO - Conectado ao broker MQTT com código: 0
2025-04-10 14:43:01,356 - INFO - Iniciando serviço MQTT...
2025-04-10 14:43:01,879 - INFO - Conectado ao broker MQTT com código: 0
2025-04-10 14:48:31,722 - INFO - Iniciando serviço MQTT...
2025-04-10 14:48:32,259 - INFO - Conectado ao broker MQTT com código: 0
2025-04-10 15:25:15,583 - INFO - Iniciando serviço MQTT...
2025-04-10 15:25:16,252 - INFO - Conectado ao broker MQTT com código: 0
2025-04-10 15:26:58,036 - INFO - Iniciando serviço MQTT...
2025-04-10 15:26:58,566 - INFO - Conectado ao broker MQTT com código: 0
2025-04-10 15:27:18,551 - INFO - Iniciando serviço MQTT...
2025-04-10 15:27:19,002 - INFO - Conectado ao broker MQTT com código: 0
2025-04-10 15:28:04,540 - INFO - Iniciando serviço MQTT...
2025-04-10 15:28:05,009 - INFO - Conectado ao broker MQTT com código: 0
2025-04-10 15:28:38,592 - INFO - Recebendo dados da estação: bff1ec38-ed83-4f22-8bd6-5e8f4643cd24
2025-04-10 15:28:38,978 - INFO - HTTP Request: GET http://localhost:3000/api/estacao/bff1ec38-ed83-4f22-8bd6-5e8f4643cd24 "HTTP/1.1 200 OK"
2025-04-10 15:28:38,979 - INFO - Estação bff1ec38-ed83-4f22-8bd6-5e8f4643cd24 verificada com sucesso
2025-04-10 15:28:39,109 - INFO - Dados da estação bff1ec38-ed83-4f22-8bd6-5e8f4643cd24 salvos com sucesso
2025-04-10 15:28:41,681 - INFO - HTTP Request: GET http://localhost:3000/api/tipoparametro "HTTP/1.1 401 Unauthorized"
2025-04-10 15:28:41,681 - ERROR - Tipo de parâmetro não encontrado: temperatura
2025-04-10 15:28:41,893 - INFO - HTTP Request: GET http://localhost:3000/api/tipoparametro "HTTP/1.1 401 Unauthorized"
2025-04-10 15:28:41,893 - ERROR - Tipo de parâmetro não encontrado: temperatura
2025-04-10 15:28:42,114 - INFO - HTTP Request: GET http://localhost:3000/api/tipoparametro "HTTP/1.1 401 Unauthorized"
2025-04-10 15:28:42,115 - ERROR - Tipo de parâmetro não encontrado: Chuva
2025-04-10 15:28:42,325 - INFO - HTTP Request: GET http://localhost:3000/api/tipoparametro "HTTP/1.1 401 Unauthorized"
2025-04-10 15:28:42,325 - ERROR - Tipo de parâmetro não encontrado: Direcao Vento
2025-04-10 15:30:30,663 - INFO - Iniciando serviço MQTT...
2025-04-10 15:30:31,312 - INFO - Conectado ao broker MQTT com código: 0
2025-04-10 15:30:39,328 - INFO - Recebendo dados da estação: bff1ec38-ed83-4f22-8bd6-5e8f4643cd24
2025-04-10 15:30:39,568 - INFO - HTTP Request: GET http://localhost:3000/api/estacao/bff1ec38-ed83-4f22-8bd6-5e8f4643cd24 "HTTP/1.1 200 OK"
2025-04-10 15:30:39,568 - INFO - Estação bff1ec38-ed83-4f22-8bd6-5e8f4643cd24 verificada com sucesso
2025-04-10 15:30:39,658 - INFO - Dados da estação bff1ec38-ed83-4f22-8bd6-5e8f4643cd24 salvos com sucesso
2025-04-10 15:30:42,238 - INFO - HTTP Request: GET http://localhost:3000/api/tipoparametro "HTTP/1.1 401 Unauthorized"
2025-04-10 15:30:42,238 - ERROR - Tipo de parâmetro não encontrado: temperatura
2025-04-10 15:30:42,447 - INFO - HTTP Request: GET http://localhost:3000/api/tipoparametro "HTTP/1.1 401 Unauthorized"
2025-04-10 15:30:42,448 - ERROR - Tipo de parâmetro não encontrado: temperatura
2025-04-10 15:30:42,653 - INFO - HTTP Request: GET http://localhost:3000/api/tipoparametro "HTTP/1.1 401 Unauthorized"
2025-04-10 15:30:42,653 - ERROR - Tipo de parâmetro não encontrado: Chuva
2025-04-10 15:30:42,862 - INFO - HTTP Request: GET http://localhost:3000/api/tipoparametro "HTTP/1.1 401 Unauthorized"
2025-04-10 15:30:42,863 - ERROR - Tipo de parâmetro não encontrado: Direcao Vento
2025-04-10 15:30:43,067 - INFO - HTTP Request: GET http://localhost:3000/api/tipoparametro "HTTP/1.1 401 Unauthorized"
2025-04-10 15:30:43,067 - ERROR - Tipo de parâmetro não encontrado: Chuva
2025-04-10 15:30:43,268 - INFO - HTTP Request: GET http://localhost:3000/api/tipoparametro "HTTP/1.1 401 Unauthorized"
2025-04-10 15:30:43,268 - ERROR - Tipo de parâmetro não encontrado: Direcao Vento
2025-04-10 15:33:30,869 - INFO - Iniciando serviço MQTT...
2025-04-10 15:33:31,447 - INFO - Conectado ao broker MQTT com código: 0
2025-04-10 15:35:22,756 - INFO - Iniciando serviço MQTT...
2025-04-10 15:35:23,209 - INFO - Conectado ao broker MQTT com código: 0
2025-04-10 15:35:36,551 - INFO - Iniciando serviço MQTT...
2025-04-10 15:35:37,190 - INFO - Conectado ao broker MQTT com código: 0
2025-04-10 15:36:30,985 - INFO - Iniciando serviço MQTT...
2025-04-10 15:36:31,444 - INFO - Conectado ao broker MQTT com código: 0
2025-04-10 15:36:35,560 - INFO - Recebendo dados da estação: bff1ec38-ed83-4f22-8bd6-5e8f4643cd24
2025-04-10 15:36:35,783 - INFO - HTTP Request: GET http://localhost:3000/api/estacao/bff1ec38-ed83-4f22-8bd6-5e8f4643cd24 "HTTP/1.1 200 OK"
2025-04-10 15:36:35,784 - INFO - Estação bff1ec38-ed83-4f22-8bd6-5e8f4643cd24 verificada com sucesso
2025-04-10 15:36:35,871 - INFO - Dados da estação bff1ec38-ed83-4f22-8bd6-5e8f4643cd24 salvos com sucesso
2025-04-10 15:39:40,709 - INFO - Iniciando serviço MQTT...
2025-04-10 15:39:41,158 - INFO - Conectado ao broker MQTT com código: 0
2025-04-10 15:41:10,045 - INFO - Iniciando serviço MQTT...
2025-04-10 15:41:10,691 - INFO - Conectado ao broker MQTT com código: 0
2025-04-10 15:41:15,361 - INFO - Recebendo dados da estação: bff1ec38-ed83-4f22-8bd6-5e8f4643cd24
2025-04-10 15:41:15,587 - INFO - HTTP Request: GET http://localhost:3000/api/estacao/bff1ec38-ed83-4f22-8bd6-5e8f4643cd24 "HTTP/1.1 200 OK"
2025-04-10 15:41:15,587 - INFO - Estação bff1ec38-ed83-4f22-8bd6-5e8f4643cd24 verificada com sucesso
2025-04-10 15:41:15,678 - INFO - Dados da estação bff1ec38-ed83-4f22-8bd6-5e8f4643cd24 salvos com sucesso
2025-04-10 15:41:23,776 - INFO - Recebendo dados da estação: bff1ec38-ed83-4f22-8bd6-5e8f4643cd24
2025-04-10 15:41:23,983 - INFO - HTTP Request: GET http://localhost:3000/api/estacao/bff1ec38-ed83-4f22-8bd6-5e8f4643cd24 "HTTP/1.1 200 OK"
2025-04-10 15:41:23,983 - INFO - Estação bff1ec38-ed83-4f22-8bd6-5e8f4643cd24 verificada com sucesso
2025-04-10 15:41:24,065 - INFO - Dados da estação bff1ec38-ed83-4f22-8bd6-5e8f4643cd24 salvos com sucesso
2025-04-10 15:43:44,744 - INFO - Recebendo dados da estação: bff1ec38-ed83-4f22-8bd6-5e8f4643cd24
2025-04-10 15:43:44,940 - INFO - HTTP Request: GET http://localhost:3000/api/estacao/bff1ec38-ed83-4f22-8bd6-5e8f4643cd24 "HTTP/1.1 200 OK"
2025-04-10 15:43:44,940 - INFO - Estação bff1ec38-ed83-4f22-8bd6-5e8f4643cd24 verificada com sucesso
2025-04-10 15:43:45,023 - INFO - Dados da estação bff1ec38-ed83-4f22-8bd6-5e8f4643cd24 salvos com sucesso
2025-04-10 15:43:47,574 - INFO - HTTP Request: GET http://localhost:3000/api/tipoparametro "HTTP/1.1 401 Unauthorized"
2025-04-10 15:43:47,574 - ERROR - Tipo de parâmetro não encontrado: Chuva
2025-04-10 15:43:47,767 - INFO - HTTP Request: GET http://localhost:3000/api/tipoparametro "HTTP/1.1 401 Unauthorized"
2025-04-10 15:43:47,767 - ERROR - Tipo de parâmetro não encontrado: Direcao Vento
2025-04-10 15:43:47,959 - INFO - HTTP Request: GET http://localhost:3000/api/tipoparametro "HTTP/1.1 401 Unauthorized"
2025-04-10 15:43:47,959 - ERROR - Tipo de parâmetro não encontrado: Chuva
2025-04-10 15:43:48,153 - INFO - HTTP Request: GET http://localhost:3000/api/tipoparametro "HTTP/1.1 401 Unauthorized"
2025-04-10 15:43:48,153 - ERROR - Tipo de parâmetro não encontrado: Direcao Vento
2025-04-10 15:43:48,344 - INFO - HTTP Request: GET http://localhost:3000/api/tipoparametro "HTTP/1.1 401 Unauthorized"
2025-04-10 15:43:48,344 - ERROR - Tipo de parâmetro não encontrado: Chuva
2025-04-10 15:43:48,543 - INFO - HTTP Request: GET http://localhost:3000/api/tipoparametro "HTTP/1.1 401 Unauthorized"
2025-04-10 15:43:48,543 - ERROR - Tipo de parâmetro não encontrado: Direcao Vento
2025-04-10 15:43:48,742 - INFO - HTTP Request: GET http://localhost:3000/api/tipoparametro "HTTP/1.1 401 Unauthorized"
2025-04-10 15:43:48,743 - ERROR - Tipo de parâmetro não encontrado: Chuva
2025-04-10 15:43:48,942 - INFO - HTTP Request: GET http://localhost:3000/api/tipoparametro "HTTP/1.1 401 Unauthorized"
2025-04-10 15:43:48,942 - ERROR - Tipo de parâmetro não encontrado: Direcao Vento
2025-04-10 15:43:49,147 - INFO - HTTP Request: GET http://localhost:3000/api/tipoparametro "HTTP/1.1 401 Unauthorized"
2025-04-10 15:43:49,147 - ERROR - Tipo de parâmetro não encontrado: Chuva
2025-04-10 15:43:49,341 - INFO - HTTP Request: GET http://localhost:3000/api/tipoparametro "HTTP/1.1 401 Unauthorized"
2025-04-10 15:43:49,342 - ERROR - Tipo de parâmetro não encontrado: Direcao Vento
2025-04-10 15:43:49,543 - INFO - HTTP Request: GET http://localhost:3000/api/tipoparametro "HTTP/1.1 401 Unauthorized"
2025-04-10 15:43:49,544 - ERROR - Tipo de parâmetro não encontrado: Chuva
2025-04-10 15:43:49,748 - INFO - HTTP Request: GET http://localhost:3000/api/tipoparametro "HTTP/1.1 401 Unauthorized"
2025-04-10 15:43:49,749 - ERROR - Tipo de parâmetro não encontrado: Direcao Vento
2025-04-10 17:48:43,386 - INFO - Iniciando serviço MQTT...
2025-04-10 17:48:43,875 - INFO - Conectado ao broker MQTT com código: 0
2025-04-10 17:48:50,732 - INFO - Iniciando serviço MQTT...
2025-04-10 17:48:51,288 - INFO - Conectado ao broker MQTT com código: 0
2025-04-10 17:50:06,699 - INFO - Iniciando serviço MQTT...
2025-04-10 17:50:07,196 - INFO - Conectado ao broker MQTT com código: 0
2025-04-10 17:50:54,265 - INFO - Iniciando serviço MQTT...
2025-04-10 17:50:54,702 - INFO - Conectado ao broker MQTT com código: 0
2025-04-10 17:51:15,230 - INFO - Iniciando serviço MQTT...
2025-04-10 17:51:15,790 - INFO - Conectado ao broker MQTT com código: 0
2025-04-10 17:51:59,717 - INFO - Iniciando serviço MQTT...
2025-04-10 17:52:00,304 - INFO - Conectado ao broker MQTT com código: 0
2025-04-10 17:52:35,731 - INFO - Iniciando serviço MQTT...
2025-04-10 17:52:36,170 - INFO - Conectado ao broker MQTT com código: 0
2025-04-10 17:53:19,702 - INFO - Iniciando serviço MQTT...
2025-04-10 17:53:20,154 - INFO - Conectado ao broker MQTT com código: 0
2025-04-10 17:55:37,361 - INFO - Iniciando serviço MQTT...
2025-04-10 17:55:37,861 - INFO - Conectado ao broker MQTT com código: 0
2025-04-10 17:59:01,269 - INFO - Iniciando serviço MQTT...
2025-04-10 17:59:01,830 - INFO - Conectado ao broker MQTT com código: 0
2025-04-10 17:59:33,758 - INFO - Iniciando serviço MQTT...
2025-04-10 17:59:34,214 - INFO - Conectado ao broker MQTT com código: 0
2025-04-10 18:10:15,113 - INFO - Iniciando serviço MQTT...
2025-04-10 18:10:15,598 - INFO - Conectado ao broker MQTT com código: 0
2025-04-10 18:10:24,555 - INFO - Recebendo dados da estação: bff1ec38-ed83-4f22-8bd6-5e8f4643cd24
2025-04-10 18:10:24,788 - INFO - HTTP Request: GET http://localhost:3000/api/estacao/bff1ec38-ed83-4f22-8bd6-5e8f4643cd24 "HTTP/1.1 200 OK"
2025-04-10 18:10:24,788 - INFO - Estação bff1ec38-ed83-4f22-8bd6-5e8f4643cd24 verificada com sucesso
2025-04-10 18:10:24,920 - INFO - Dados da estação bff1ec38-ed83-4f22-8bd6-5e8f4643cd24 salvos com sucesso
2025-04-10 18:10:29,496 - INFO - HTTP Request: GET http://localhost:3000/api/tipoparametro "HTTP/1.1 401 Unauthorized"
2025-04-10 18:10:29,496 - ERROR - Tipo de parâmetro não encontrado: Chuva
2025-04-10 18:10:29,689 - INFO - HTTP Request: GET http://localhost:3000/api/tipoparametro "HTTP/1.1 401 Unauthorized"
2025-04-10 18:10:29,690 - ERROR - Tipo de parâmetro não encontrado: Direcao Vento
2025-04-10 18:10:29,885 - INFO - HTTP Request: GET http://localhost:3000/api/tipoparametro "HTTP/1.1 401 Unauthorized"
2025-04-10 18:10:29,886 - ERROR - Tipo de parâmetro não encontrado: Chuva
2025-04-10 18:10:30,079 - INFO - HTTP Request: GET http://localhost:3000/api/tipoparametro "HTTP/1.1 401 Unauthorized"
2025-04-10 18:10:30,079 - ERROR - Tipo de parâmetro não encontrado: Direcao Vento
2025-04-10 18:10:30,277 - INFO - HTTP Request: GET http://localhost:3000/api/tipoparametro "HTTP/1.1 401 Unauthorized"
2025-04-10 18:10:30,277 - ERROR - Tipo de parâmetro não encontrado: Chuva
2025-04-10 18:10:30,482 - INFO - HTTP Request: GET http://localhost:3000/api/tipoparametro "HTTP/1.1 401 Unauthorized"
2025-04-10 18:10:30,482 - ERROR - Tipo de parâmetro não encontrado: Direcao Vento
2025-04-10 18:10:30,681 - INFO - HTTP Request: GET http://localhost:3000/api/tipoparametro "HTTP/1.1 401 Unauthorized"
2025-04-10 18:10:30,682 - ERROR - Tipo de parâmetro não encontrado: Chuva
2025-04-10 18:10:30,883 - INFO - HTTP Request: GET http://localhost:3000/api/tipoparametro "HTTP/1.1 401 Unauthorized"
2025-04-10 18:10:30,883 - ERROR - Tipo de parâmetro não encontrado: Direcao Vento
2025-04-10 18:10:31,085 - INFO - HTTP Request: GET http://localhost:3000/api/tipoparametro "HTTP/1.1 401 Unauthorized"
2025-04-10 18:10:31,085 - ERROR - Tipo de parâmetro não encontrado: Chuva
2025-04-10 18:10:31,279 - INFO - HTTP Request: GET http://localhost:3000/api/tipoparametro "HTTP/1.1 401 Unauthorized"
2025-04-10 18:10:31,280 - ERROR - Tipo de parâmetro não encontrado: Direcao Vento
2025-04-10 18:10:31,477 - INFO - HTTP Request: GET http://localhost:3000/api/tipoparametro "HTTP/1.1 401 Unauthorized"
2025-04-10 18:10:31,477 - ERROR - Tipo de parâmetro não encontrado: Chuva
2025-04-10 18:10:31,682 - INFO - HTTP Request: GET http://localhost:3000/api/tipoparametro "HTTP/1.1 401 Unauthorized"
2025-04-10 18:10:31,683 - ERROR - Tipo de parâmetro não encontrado: Direcao Vento
2025-04-10 18:10:31,878 - INFO - HTTP Request: GET http://localhost:3000/api/tipoparametro "HTTP/1.1 401 Unauthorized"
2025-04-10 18:10:31,879 - ERROR - Tipo de parâmetro não encontrado: Chuva
2025-04-10 18:10:32,073 - INFO - HTTP Request: GET http://localhost:3000/api/tipoparametro "HTTP/1.1 401 Unauthorized"
2025-04-10 18:10:32,074 - ERROR - Tipo de parâmetro não encontrado: Direcao Vento
2025-04-10 18:12:33,315 - INFO - Iniciando serviço MQTT...
2025-04-10 18:12:33,850 - INFO - Conectado ao broker MQTT com código: 0
2025-04-10 18:13:50,136 - INFO - Iniciando serviço MQTT...
2025-04-10 18:13:50,677 - INFO - Conectado ao broker MQTT com código: 0
2025-04-10 18:14:00,947 - INFO - Recebendo dados da estação: bff1ec38-ed83-4f22-8bd6-5e8f4643cd24
2025-04-10 18:14:01,180 - INFO - HTTP Request: GET http://localhost:3000/api/estacao/bff1ec38-ed83-4f22-8bd6-5e8f4643cd24 "HTTP/1.1 200 OK"
2025-04-10 18:14:01,180 - INFO - Estação bff1ec38-ed83-4f22-8bd6-5e8f4643cd24 verificada com sucesso
2025-04-10 18:14:01,267 - INFO - Dados da estação bff1ec38-ed83-4f22-8bd6-5e8f4643cd24 salvos com sucesso
2025-04-10 18:14:05,822 - INFO - HTTP Request: GET http://localhost:3000/api/tipoparametro "HTTP/1.1 401 Unauthorized"
2025-04-10 18:14:05,822 - ERROR - Tipo de parâmetro não encontrado: Chuva
2025-04-10 18:14:06,021 - INFO - HTTP Request: GET http://localhost:3000/api/tipoparametro "HTTP/1.1 401 Unauthorized"
2025-04-10 18:14:06,022 - ERROR - Tipo de parâmetro não encontrado: Direcao Vento
2025-04-10 18:14:06,232 - INFO - HTTP Request: GET http://localhost:3000/api/tipoparametro "HTTP/1.1 401 Unauthorized"
2025-04-10 18:14:06,232 - ERROR - Tipo de parâmetro não encontrado: Chuva
2025-04-10 18:14:06,441 - INFO - HTTP Request: GET http://localhost:3000/api/tipoparametro "HTTP/1.1 401 Unauthorized"
2025-04-10 18:14:06,441 - ERROR - Tipo de parâmetro não encontrado: Direcao Vento
2025-04-10 18:14:06,637 - INFO - HTTP Request: GET http://localhost:3000/api/tipoparametro "HTTP/1.1 401 Unauthorized"
2025-04-10 18:14:06,637 - ERROR - Tipo de parâmetro não encontrado: Chuva
2025-04-10 18:14:06,831 - INFO - HTTP Request: GET http://localhost:3000/api/tipoparametro "HTTP/1.1 401 Unauthorized"
2025-04-10 18:14:06,831 - ERROR - Tipo de parâmetro não encontrado: Direcao Vento
2025-04-10 18:14:07,025 - INFO - HTTP Request: GET http://localhost:3000/api/tipoparametro "HTTP/1.1 401 Unauthorized"
2025-04-10 18:14:07,026 - ERROR - Tipo de parâmetro não encontrado: Chuva
2025-04-10 18:14:07,221 - INFO - HTTP Request: GET http://localhost:3000/api/tipoparametro "HTTP/1.1 401 Unauthorized"
2025-04-10 18:14:07,221 - ERROR - Tipo de parâmetro não encontrado: Direcao Vento
2025-04-10 18:14:07,421 - INFO - HTTP Request: GET http://localhost:3000/api/tipoparametro "HTTP/1.1 401 Unauthorized"
2025-04-10 18:14:07,421 - ERROR - Tipo de parâmetro não encontrado: Chuva
2025-04-10 18:14:07,622 - INFO - HTTP Request: GET http://localhost:3000/api/tipoparametro "HTTP/1.1 401 Unauthorized"
2025-04-10 18:14:07,622 - ERROR - Tipo de parâmetro não encontrado: Direcao Vento
2025-04-10 18:14:07,827 - INFO - HTTP Request: GET http://localhost:3000/api/tipoparametro "HTTP/1.1 401 Unauthorized"
2025-04-10 18:14:07,828 - ERROR - Tipo de parâmetro não encontrado: Chuva
2025-04-10 18:14:08,028 - INFO - HTTP Request: GET http://localhost:3000/api/tipoparametro "HTTP/1.1 401 Unauthorized"
2025-04-10 18:14:08,028 - ERROR - Tipo de parâmetro não encontrado: Direcao Vento
2025-04-10 18:14:08,225 - INFO - HTTP Request: GET http://localhost:3000/api/tipoparametro "HTTP/1.1 401 Unauthorized"
2025-04-10 18:14:08,225 - ERROR - Tipo de parâmetro não encontrado: Chuva
2025-04-10 18:14:08,422 - INFO - HTTP Request: GET http://localhost:3000/api/tipoparametro "HTTP/1.1 401 Unauthorized"
2025-04-10 18:14:08,422 - ERROR - Tipo de parâmetro não encontrado: Direcao Vento
2025-04-10 18:14:08,632 - INFO - HTTP Request: GET http://localhost:3000/api/tipoparametro "HTTP/1.1 401 Unauthorized"
2025-04-10 18:14:08,633 - ERROR - Tipo de parâmetro não encontrado: Chuva
2025-04-10 18:14:08,830 - INFO - HTTP Request: GET http://localhost:3000/api/tipoparametro "HTTP/1.1 401 Unauthorized"
2025-04-10 18:14:08,830 - ERROR - Tipo de parâmetro não encontrado: Direcao Vento
2025-04-10 18:16:47,141 - INFO - HTTP Request: GET http://localhost:3000/api/tipoparametro "HTTP/1.1 401 Unauthorized"
2025-04-10 18:16:47,141 - ERROR - Tipo de parâmetro não encontrado: Chuva
2025-04-10 18:16:47,337 - INFO - HTTP Request: GET http://localhost:3000/api/tipoparametro "HTTP/1.1 401 Unauthorized"
2025-04-10 18:16:47,338 - ERROR - Tipo de parâmetro não encontrado: Direcao Vento
2025-04-10 18:16:47,540 - INFO - HTTP Request: GET http://localhost:3000/api/tipoparametro "HTTP/1.1 401 Unauthorized"
2025-04-10 18:16:47,540 - ERROR - Tipo de parâmetro não encontrado: Chuva
2025-04-10 18:16:47,740 - INFO - HTTP Request: GET http://localhost:3000/api/tipoparametro "HTTP/1.1 401 Unauthorized"
2025-04-10 18:16:47,741 - ERROR - Tipo de parâmetro não encontrado: Direcao Vento
2025-04-10 18:16:47,940 - INFO - HTTP Request: GET http://localhost:3000/api/tipoparametro "HTTP/1.1 401 Unauthorized"
2025-04-10 18:16:47,940 - ERROR - Tipo de parâmetro não encontrado: Chuva
2025-04-10 18:16:48,135 - INFO - HTTP Request: GET http://localhost:3000/api/tipoparametro "HTTP/1.1 401 Unauthorized"
2025-04-10 18:16:48,135 - ERROR - Tipo de parâmetro não encontrado: Direcao Vento
2025-04-10 18:16:48,329 - INFO - HTTP Request: GET http://localhost:3000/api/tipoparametro "HTTP/1.1 401 Unauthorized"
2025-04-10 18:16:48,329 - ERROR - Tipo de parâmetro não encontrado: Chuva
2025-04-10 18:16:48,524 - INFO - HTTP Request: GET http://localhost:3000/api/tipoparametro "HTTP/1.1 401 Unauthorized"
2025-04-10 18:16:48,525 - ERROR - Tipo de parâmetro não encontrado: Direcao Vento
2025-04-10 18:16:48,720 - INFO - HTTP Request: GET http://localhost:3000/api/tipoparametro "HTTP/1.1 401 Unauthorized"
2025-04-10 18:16:48,720 - ERROR - Tipo de parâmetro não encontrado: Chuva
2025-04-10 18:16:48,918 - INFO - HTTP Request: GET http://localhost:3000/api/tipoparametro "HTTP/1.1 401 Unauthorized"
2025-04-10 18:16:48,918 - ERROR - Tipo de parâmetro não encontrado: Direcao Vento
2025-04-10 18:16:49,120 - INFO - HTTP Request: GET http://localhost:3000/api/tipoparametro "HTTP/1.1 401 Unauthorized"
2025-04-10 18:16:49,120 - ERROR - Tipo de parâmetro não encontrado: Chuva
2025-04-10 18:16:49,332 - INFO - HTTP Request: GET http://localhost:3000/api/tipoparametro "HTTP/1.1 401 Unauthorized"
2025-04-10 18:16:49,332 - ERROR - Tipo de parâmetro não encontrado: Direcao Vento
2025-04-10 18:16:49,543 - INFO - HTTP Request: GET http://localhost:3000/api/tipoparametro "HTTP/1.1 401 Unauthorized"
2025-04-10 18:16:49,543 - ERROR - Tipo de parâmetro não encontrado: Chuva
2025-04-10 18:16:49,743 - INFO - HTTP Request: GET http://localhost:3000/api/tipoparametro "HTTP/1.1 401 Unauthorized"
2025-04-10 18:16:49,743 - ERROR - Tipo de parâmetro não encontrado: Direcao Vento
2025-04-10 18:16:49,944 - INFO - HTTP Request: GET http://localhost:3000/api/tipoparametro "HTTP/1.1 401 Unauthorized"
2025-04-10 18:16:49,944 - ERROR - Tipo de parâmetro não encontrado: Chuva
2025-04-10 18:16:50,147 - INFO - HTTP Request: GET http://localhost:3000/api/tipoparametro "HTTP/1.1 401 Unauthorized"
2025-04-10 18:16:50,147 - ERROR - Tipo de parâmetro não encontrado: Direcao Vento
2025-04-10 18:18:09,344 - INFO - HTTP Request: GET http://localhost:3000/api/tipoparametro "HTTP/1.1 401 Unauthorized"
2025-04-10 18:18:09,344 - ERROR - Tipo de parâmetro não encontrado: Chuva
2025-04-10 18:18:09,548 - INFO - HTTP Request: GET http://localhost:3000/api/tipoparametro "HTTP/1.1 401 Unauthorized"
2025-04-10 18:18:09,549 - ERROR - Tipo de parâmetro não encontrado: Direcao Vento
2025-04-10 18:18:09,752 - INFO - HTTP Request: GET http://localhost:3000/api/tipoparametro "HTTP/1.1 401 Unauthorized"
2025-04-10 18:18:09,752 - ERROR - Tipo de parâmetro não encontrado: Chuva
2025-04-10 18:18:09,957 - INFO - HTTP Request: GET http://localhost:3000/api/tipoparametro "HTTP/1.1 401 Unauthorized"
2025-04-10 18:18:09,958 - ERROR - Tipo de parâmetro não encontrado: Direcao Vento
2025-04-10 18:18:10,158 - INFO - HTTP Request: GET http://localhost:3000/api/tipoparametro "HTTP/1.1 401 Unauthorized"
2025-04-10 18:18:10,158 - ERROR - Tipo de parâmetro não encontrado: Chuva
2025-04-10 18:18:10,365 - INFO - HTTP Request: GET http://localhost:3000/api/tipoparametro "HTTP/1.1 401 Unauthorized"
2025-04-10 18:18:10,365 - ERROR - Tipo de parâmetro não encontrado: Direcao Vento
2025-04-10 18:18:10,562 - INFO - HTTP Request: GET http://localhost:3000/api/tipoparametro "HTTP/1.1 401 Unauthorized"
2025-04-10 18:18:10,562 - ERROR - Tipo de parâmetro não encontrado: Chuva
2025-04-10 18:18:10,762 - INFO - HTTP Request: GET http://localhost:3000/api/tipoparametro "HTTP/1.1 401 Unauthorized"
2025-04-10 18:18:10,763 - ERROR - Tipo de parâmetro não encontrado: Direcao Vento
2025-04-10 18:18:10,953 - INFO - HTTP Request: GET http://localhost:3000/api/tipoparametro "HTTP/1.1 401 Unauthorized"
2025-04-10 18:18:10,953 - ERROR - Tipo de parâmetro não encontrado: Chuva
2025-04-10 18:18:11,146 - INFO - HTTP Request: GET http://localhost:3000/api/tipoparametro "HTTP/1.1 401 Unauthorized"
2025-04-10 18:18:11,146 - ERROR - Tipo de parâmetro não encontrado: Direcao Vento
2025-04-10 18:18:11,342 - INFO - HTTP Request: GET http://localhost:3000/api/tipoparametro "HTTP/1.1 401 Unauthorized"
2025-04-10 18:18:11,342 - ERROR - Tipo de parâmetro não encontrado: Chuva
2025-04-10 18:18:11,539 - INFO - HTTP Request: GET http://localhost:3000/api/tipoparametro "HTTP/1.1 401 Unauthorized"
2025-04-10 18:18:11,539 - ERROR - Tipo de parâmetro não encontrado: Direcao Vento
2025-04-10 18:18:11,740 - INFO - HTTP Request: GET http://localhost:3000/api/tipoparametro "HTTP/1.1 401 Unauthorized"
2025-04-10 18:18:11,740 - ERROR - Tipo de parâmetro não encontrado: Chuva
2025-04-10 18:18:11,937 - INFO - HTTP Request: GET http://localhost:3000/api/tipoparametro "HTTP/1.1 401 Unauthorized"
2025-04-10 18:18:11,937 - ERROR - Tipo de parâmetro não encontrado: Direcao Vento
2025-04-10 18:18:12,137 - INFO - HTTP Request: GET http://localhost:3000/api/tipoparametro "HTTP/1.1 401 Unauthorized"
2025-04-10 18:18:12,137 - ERROR - Tipo de parâmetro não encontrado: Chuva
2025-04-10 18:18:12,341 - INFO - HTTP Request: GET http://localhost:3000/api/tipoparametro "HTTP/1.1 401 Unauthorized"
2025-04-10 18:18:12,342 - ERROR - Tipo de parâmetro não encontrado: Direcao Vento
2025-04-10 18:21:47,252 - INFO - Iniciando serviço MQTT...
2025-04-10 18:21:47,790 - INFO - HTTP Request: GET http://localhost:3000/api/tipoparametro "HTTP/1.1 401 Unauthorized"
2025-04-10 18:21:47,790 - ERROR - Tipo de parâmetro não encontrado: Chuva
2025-04-10 18:21:47,925 - INFO - Conectado ao broker MQTT com código: 0
2025-04-10 18:21:47,984 - INFO - HTTP Request: GET http://localhost:3000/api/tipoparametro "HTTP/1.1 401 Unauthorized"
2025-04-10 18:21:47,984 - ERROR - Tipo de parâmetro não encontrado: Direcao Vento
2025-04-10 18:21:48,180 - INFO - HTTP Request: GET http://localhost:3000/api/tipoparametro "HTTP/1.1 401 Unauthorized"
2025-04-10 18:21:48,181 - ERROR - Tipo de parâmetro não encontrado: Chuva
2025-04-10 18:21:48,380 - INFO - HTTP Request: GET http://localhost:3000/api/tipoparametro "HTTP/1.1 401 Unauthorized"
2025-04-10 18:21:48,380 - ERROR - Tipo de parâmetro não encontrado: Direcao Vento
2025-04-10 18:21:48,578 - INFO - HTTP Request: GET http://localhost:3000/api/tipoparametro "HTTP/1.1 401 Unauthorized"
2025-04-10 18:21:48,578 - ERROR - Tipo de parâmetro não encontrado: Chuva
2025-04-10 18:21:48,773 - INFO - HTTP Request: GET http://localhost:3000/api/tipoparametro "HTTP/1.1 401 Unauthorized"
2025-04-10 18:21:48,774 - ERROR - Tipo de parâmetro não encontrado: Direcao Vento
2025-04-10 18:21:48,980 - INFO - HTTP Request: GET http://localhost:3000/api/tipoparametro "HTTP/1.1 401 Unauthorized"
2025-04-10 18:21:48,980 - ERROR - Tipo de parâmetro não encontrado: Chuva
2025-04-10 18:21:49,178 - INFO - HTTP Request: GET http://localhost:3000/api/tipoparametro "HTTP/1.1 401 Unauthorized"
2025-04-10 18:21:49,178 - ERROR - Tipo de parâmetro não encontrado: Direcao Vento
2025-04-10 18:21:49,386 - INFO - HTTP Request: GET http://localhost:3000/api/tipoparametro "HTTP/1.1 401 Unauthorized"
2025-04-10 18:21:49,387 - ERROR - Tipo de parâmetro não encontrado: Chuva
2025-04-10 18:21:49,588 - INFO - HTTP Request: GET http://localhost:3000/api/tipoparametro "HTTP/1.1 401 Unauthorized"
2025-04-10 18:21:49,588 - ERROR - Tipo de parâmetro não encontrado: Direcao Vento
2025-04-10 18:21:49,794 - INFO - HTTP Request: GET http://localhost:3000/api/tipoparametro "HTTP/1.1 401 Unauthorized"
2025-04-10 18:21:49,795 - ERROR - Tipo de parâmetro não encontrado: Chuva
2025-04-10 18:21:49,999 - INFO - HTTP Request: GET http://localhost:3000/api/tipoparametro "HTTP/1.1 401 Unauthorized"
2025-04-10 18:21:49,999 - ERROR - Tipo de parâmetro não encontrado: Direcao Vento
2025-04-10 18:21:50,202 - INFO - HTTP Request: GET http://localhost:3000/api/tipoparametro "HTTP/1.1 401 Unauthorized"
2025-04-10 18:21:50,202 - ERROR - Tipo de parâmetro não encontrado: Chuva
2025-04-10 18:21:50,400 - INFO - HTTP Request: GET http://localhost:3000/api/tipoparametro "HTTP/1.1 401 Unauthorized"
2025-04-10 18:21:50,400 - ERROR - Tipo de parâmetro não encontrado: Direcao Vento
2025-04-10 18:21:50,594 - INFO - HTTP Request: GET http://localhost:3000/api/tipoparametro "HTTP/1.1 401 Unauthorized"
2025-04-10 18:21:50,595 - ERROR - Tipo de parâmetro não encontrado: Chuva
2025-04-10 18:21:50,829 - INFO - HTTP Request: GET http://localhost:3000/api/tipoparametro "HTTP/1.1 401 Unauthorized"
2025-04-10 18:21:50,829 - ERROR - Tipo de parâmetro não encontrado: Direcao Vento
2025-04-10 18:21:54,824 - INFO - HTTP Request: GET http://localhost:3000/api/tipoparametro "HTTP/1.1 401 Unauthorized"
2025-04-10 18:21:54,824 - ERROR - Tipo de parâmetro não encontrado: Chuva
2025-04-10 18:21:55,023 - INFO - HTTP Request: GET http://localhost:3000/api/tipoparametro "HTTP/1.1 401 Unauthorized"
2025-04-10 18:21:55,023 - ERROR - Tipo de parâmetro não encontrado: Direcao Vento
2025-04-10 18:21:55,221 - INFO - HTTP Request: GET http://localhost:3000/api/tipoparametro "HTTP/1.1 401 Unauthorized"
2025-04-10 18:21:55,221 - ERROR - Tipo de parâmetro não encontrado: Chuva
2025-04-10 18:21:55,421 - INFO - HTTP Request: GET http://localhost:3000/api/tipoparametro "HTTP/1.1 401 Unauthorized"
2025-04-10 18:21:55,422 - ERROR - Tipo de parâmetro não encontrado: Direcao Vento
2025-04-10 18:21:55,642 - INFO - HTTP Request: GET http://localhost:3000/api/tipoparametro "HTTP/1.1 401 Unauthorized"
2025-04-10 18:21:55,643 - ERROR - Tipo de parâmetro não encontrado: Chuva
2025-04-10 18:21:55,834 - INFO - HTTP Request: GET http://localhost:3000/api/tipoparametro "HTTP/1.1 401 Unauthorized"
2025-04-10 18:21:55,834 - ERROR - Tipo de parâmetro não encontrado: Direcao Vento
2025-04-10 18:21:56,030 - INFO - HTTP Request: GET http://localhost:3000/api/tipoparametro "HTTP/1.1 401 Unauthorized"
2025-04-10 18:21:56,030 - ERROR - Tipo de parâmetro não encontrado: Chuva
2025-04-10 18:21:56,225 - INFO - HTTP Request: GET http://localhost:3000/api/tipoparametro "HTTP/1.1 401 Unauthorized"
2025-04-10 18:21:56,225 - ERROR - Tipo de parâmetro não encontrado: Direcao Vento
2025-04-10 18:21:56,417 - INFO - HTTP Request: GET http://localhost:3000/api/tipoparametro "HTTP/1.1 401 Unauthorized"
2025-04-10 18:21:56,417 - ERROR - Tipo de parâmetro não encontrado: Chuva
2025-04-10 18:21:56,611 - INFO - HTTP Request: GET http://localhost:3000/api/tipoparametro "HTTP/1.1 401 Unauthorized"
2025-04-10 18:21:56,612 - ERROR - Tipo de parâmetro não encontrado: Direcao Vento
2025-04-10 18:21:56,808 - INFO - HTTP Request: GET http://localhost:3000/api/tipoparametro "HTTP/1.1 401 Unauthorized"
2025-04-10 18:21:56,809 - ERROR - Tipo de parâmetro não encontrado: Chuva
2025-04-10 18:21:57,016 - INFO - HTTP Request: GET http://localhost:3000/api/tipoparametro "HTTP/1.1 401 Unauthorized"
2025-04-10 18:21:57,017 - ERROR - Tipo de parâmetro não encontrado: Direcao Vento
2025-04-10 18:21:57,217 - INFO - HTTP Request: GET http://localhost:3000/api/tipoparametro "HTTP/1.1 401 Unauthorized"
2025-04-10 18:21:57,217 - ERROR - Tipo de parâmetro não encontrado: Chuva
2025-04-10 18:21:57,416 - INFO - HTTP Request: GET http://localhost:3000/api/tipoparametro "HTTP/1.1 401 Unauthorized"
2025-04-10 18:21:57,417 - ERROR - Tipo de parâmetro não encontrado: Direcao Vento
2025-04-10 18:21:57,612 - INFO - HTTP Request: GET http://localhost:3000/api/tipoparametro "HTTP/1.1 401 Unauthorized"
2025-04-10 18:21:57,613 - ERROR - Tipo de parâmetro não encontrado: Chuva
2025-04-10 18:21:57,808 - INFO - HTTP Request: GET http://localhost:3000/api/tipoparametro "HTTP/1.1 401 Unauthorized"
2025-04-10 18:21:57,808 - ERROR - Tipo de parâmetro não encontrado: Direcao Vento
2025-04-10 18:22:00,698 - INFO - HTTP Request: GET http://localhost:3000/api/tipoparametro "HTTP/1.1 401 Unauthorized"
2025-04-10 18:22:00,698 - ERROR - Tipo de parâmetro não encontrado: Chuva
2025-04-10 18:22:00,894 - INFO - HTTP Request: GET http://localhost:3000/api/tipoparametro "HTTP/1.1 401 Unauthorized"
2025-04-10 18:22:00,894 - ERROR - Tipo de parâmetro não encontrado: Direcao Vento
2025-04-10 18:22:01,090 - INFO - HTTP Request: GET http://localhost:3000/api/tipoparametro "HTTP/1.1 401 Unauthorized"
2025-04-10 18:22:01,091 - ERROR - Tipo de parâmetro não encontrado: Chuva
2025-04-10 18:22:01,285 - INFO - HTTP Request: GET http://localhost:3000/api/tipoparametro "HTTP/1.1 401 Unauthorized"
2025-04-10 18:22:01,285 - ERROR - Tipo de parâmetro não encontrado: Direcao Vento
2025-04-10 18:22:01,478 - INFO - HTTP Request: GET http://localhost:3000/api/tipoparametro "HTTP/1.1 401 Unauthorized"
2025-04-10 18:22:01,478 - ERROR - Tipo de parâmetro não encontrado: Chuva
2025-04-10 18:22:01,676 - INFO - HTTP Request: GET http://localhost:3000/api/tipoparametro "HTTP/1.1 401 Unauthorized"
2025-04-10 18:22:01,677 - ERROR - Tipo de parâmetro não encontrado: Direcao Vento
2025-04-10 18:22:01,872 - INFO - HTTP Request: GET http://localhost:3000/api/tipoparametro "HTTP/1.1 401 Unauthorized"
2025-04-10 18:22:01,873 - ERROR - Tipo de parâmetro não encontrado: Chuva
2025-04-10 18:22:02,069 - INFO - HTTP Request: GET http://localhost:3000/api/tipoparametro "HTTP/1.1 401 Unauthorized"
2025-04-10 18:22:02,069 - ERROR - Tipo de parâmetro não encontrado: Direcao Vento
2025-04-10 18:22:02,264 - INFO - HTTP Request: GET http://localhost:3000/api/tipoparametro "HTTP/1.1 401 Unauthorized"
2025-04-10 18:22:02,264 - ERROR - Tipo de parâmetro não encontrado: Chuva
2025-04-10 18:22:02,461 - INFO - HTTP Request: GET http://localhost:3000/api/tipoparametro "HTTP/1.1 401 Unauthorized"
2025-04-10 18:22:02,461 - ERROR - Tipo de parâmetro não encontrado: Direcao Vento
2025-04-10 18:22:02,661 - INFO - HTTP Request: GET http://localhost:3000/api/tipoparametro "HTTP/1.1 401 Unauthorized"
2025-04-10 18:22:02,661 - ERROR - Tipo de parâmetro não encontrado: Chuva
2025-04-10 18:22:02,855 - INFO - HTTP Request: GET http://localhost:3000/api/tipoparametro "HTTP/1.1 401 Unauthorized"
2025-04-10 18:22:02,856 - ERROR - Tipo de parâmetro não encontrado: Direcao Vento
2025-04-10 18:22:03,049 - INFO - HTTP Request: GET http://localhost:3000/api/tipoparametro "HTTP/1.1 401 Unauthorized"
2025-04-10 18:22:03,050 - ERROR - Tipo de parâmetro não encontrado: Chuva
2025-04-10 18:22:03,255 - INFO - HTTP Request: GET http://localhost:3000/api/tipoparametro "HTTP/1.1 401 Unauthorized"
2025-04-10 18:22:03,255 - ERROR - Tipo de parâmetro não encontrado: Direcao Vento
2025-04-10 18:22:03,453 - INFO - HTTP Request: GET http://localhost:3000/api/tipoparametro "HTTP/1.1 401 Unauthorized"
2025-04-10 18:22:03,453 - ERROR - Tipo de parâmetro não encontrado: Chuva
2025-04-10 18:22:03,649 - INFO - HTTP Request: GET http://localhost:3000/api/tipoparametro "HTTP/1.1 401 Unauthorized"
2025-04-10 18:22:03,650 - ERROR - Tipo de parâmetro não encontrado: Direcao Vento
2025-04-10 18:23:45,168 - INFO - Iniciando serviço MQTT...
2025-04-10 18:23:45,706 - INFO - Conectado ao broker MQTT com código: 0
2025-04-10 18:32:33,155 - INFO - Iniciando serviço MQTT...
2025-04-10 18:32:33,609 - INFO - Conectado ao broker MQTT com código: 0
2025-04-10 19:08:59,388 - INFO - Iniciando serviço MQTT...
2025-04-10 19:08:59,388 - INFO - Serviço MQTT iniciado com sucesso
2025-04-10 19:08:59,389 - INFO - API iniciada com sucesso
2025-04-10 19:08:59,884 - INFO - Conectado ao broker MQTT com código: 0
2025-04-10 19:09:30,129 - INFO - HTTP Request: GET http://localhost:3000/api/tipoparametro "HTTP/1.1 401 Unauthorized"
2025-04-10 19:09:30,129 - ERROR - Tipo de parâmetro não encontrado: Chuva
2025-04-10 19:09:30,334 - INFO - HTTP Request: GET http://localhost:3000/api/tipoparametro "HTTP/1.1 401 Unauthorized"
2025-04-10 19:09:30,334 - ERROR - Tipo de parâmetro não encontrado: Direcao Vento
2025-04-10 19:09:30,536 - INFO - HTTP Request: GET http://localhost:3000/api/tipoparametro "HTTP/1.1 401 Unauthorized"
2025-04-10 19:09:30,536 - ERROR - Tipo de parâmetro não encontrado: Chuva
2025-04-10 19:09:30,737 - INFO - HTTP Request: GET http://localhost:3000/api/tipoparametro "HTTP/1.1 401 Unauthorized"
2025-04-10 19:09:30,737 - ERROR - Tipo de parâmetro não encontrado: Direcao Vento
2025-04-10 19:09:30,942 - INFO - HTTP Request: GET http://localhost:3000/api/tipoparametro "HTTP/1.1 401 Unauthorized"
2025-04-10 19:09:30,943 - ERROR - Tipo de parâmetro não encontrado: Chuva
2025-04-10 19:09:31,145 - INFO - HTTP Request: GET http://localhost:3000/api/tipoparametro "HTTP/1.1 401 Unauthorized"
2025-04-10 19:09:31,145 - ERROR - Tipo de parâmetro não encontrado: Direcao Vento
2025-04-10 19:09:31,343 - INFO - HTTP Request: GET http://localhost:3000/api/tipoparametro "HTTP/1.1 401 Unauthorized"
2025-04-10 19:09:31,344 - ERROR - Tipo de parâmetro não encontrado: Chuva
2025-04-10 19:09:31,552 - INFO - HTTP Request: GET http://localhost:3000/api/tipoparametro "HTTP/1.1 401 Unauthorized"
2025-04-10 19:09:31,552 - ERROR - Tipo de parâmetro não encontrado: Direcao Vento
2025-04-10 19:09:31,747 - INFO - HTTP Request: GET http://localhost:3000/api/tipoparametro "HTTP/1.1 401 Unauthorized"
2025-04-10 19:09:31,748 - ERROR - Tipo de parâmetro não encontrado: Chuva
2025-04-10 19:09:31,943 - INFO - HTTP Request: GET http://localhost:3000/api/tipoparametro "HTTP/1.1 401 Unauthorized"
2025-04-10 19:09:31,943 - ERROR - Tipo de parâmetro não encontrado: Direcao Vento
2025-04-10 19:09:32,137 - INFO - HTTP Request: GET http://localhost:3000/api/tipoparametro "HTTP/1.1 401 Unauthorized"
2025-04-10 19:09:32,138 - ERROR - Tipo de parâmetro não encontrado: Chuva
2025-04-10 19:09:32,333 - INFO - HTTP Request: GET http://localhost:3000/api/tipoparametro "HTTP/1.1 401 Unauthorized"
2025-04-10 19:09:32,333 - ERROR - Tipo de parâmetro não encontrado: Direcao Vento
2025-04-10 19:09:32,529 - INFO - HTTP Request: GET http://localhost:3000/api/tipoparametro "HTTP/1.1 401 Unauthorized"
2025-04-10 19:09:32,529 - ERROR - Tipo de parâmetro não encontrado: Chuva
2025-04-10 19:09:32,730 - INFO - HTTP Request: GET http://localhost:3000/api/tipoparametro "HTTP/1.1 401 Unauthorized"
2025-04-10 19:09:32,730 - ERROR - Tipo de parâmetro não encontrado: Direcao Vento
2025-04-10 19:09:32,933 - INFO - HTTP Request: GET http://localhost:3000/api/tipoparametro "HTTP/1.1 401 Unauthorized"
2025-04-10 19:09:32,933 - ERROR - Tipo de parâmetro não encontrado: Chuva
2025-04-10 19:09:33,131 - INFO - HTTP Request: GET http://localhost:3000/api/tipoparametro "HTTP/1.1 401 Unauthorized"
2025-04-10 19:09:33,132 - ERROR - Tipo de parâmetro não encontrado: Direcao Vento
2025-04-10 19:13:28,754 - ERROR - Erro ao buscar tipo de parâmetro: All connection attempts failed
2025-04-10 19:13:28,754 - ERROR - Tipo de parâmetro não encontrado: Chuva
2025-04-10 19:13:31,260 - ERROR - Erro ao buscar tipo de parâmetro: All connection attempts failed
2025-04-10 19:13:31,260 - ERROR - Tipo de parâmetro não encontrado: Direcao Vento
2025-04-10 19:13:33,746 - ERROR - Erro ao buscar tipo de parâmetro: All connection attempts failed
2025-04-10 19:13:33,746 - ERROR - Tipo de parâmetro não encontrado: Chuva
2025-04-10 19:13:36,242 - ERROR - Erro ao buscar tipo de parâmetro: All connection attempts failed
2025-04-10 19:13:36,242 - ERROR - Tipo de parâmetro não encontrado: Direcao Vento
2025-04-10 19:13:38,742 - ERROR - Erro ao buscar tipo de parâmetro: All connection attempts failed
2025-04-10 19:13:38,742 - ERROR - Tipo de parâmetro não encontrado: Chuva
2025-04-10 19:13:41,247 - ERROR - Erro ao buscar tipo de parâmetro: All connection attempts failed
2025-04-10 19:13:41,247 - ERROR - Tipo de parâmetro não encontrado: Direcao Vento
2025-04-10 19:13:43,745 - ERROR - Erro ao buscar tipo de parâmetro: All connection attempts failed
2025-04-10 19:13:43,745 - ERROR - Tipo de parâmetro não encontrado: Chuva
2025-04-10 19:13:46,247 - ERROR - Erro ao buscar tipo de parâmetro: All connection attempts failed
2025-04-10 19:13:46,247 - ERROR - Tipo de parâmetro não encontrado: Direcao Vento
2025-04-10 19:13:47,997 - INFO - HTTP Request: GET http://localhost:3000/api/tipoparametro "HTTP/1.1 401 Unauthorized"
2025-04-10 19:13:47,997 - ERROR - Tipo de parâmetro não encontrado: Chuva
2025-04-10 19:13:48,198 - INFO - HTTP Request: GET http://localhost:3000/api/tipoparametro "HTTP/1.1 401 Unauthorized"
2025-04-10 19:13:48,198 - ERROR - Tipo de parâmetro não encontrado: Direcao Vento
2025-04-10 19:13:48,394 - INFO - HTTP Request: GET http://localhost:3000/api/tipoparametro "HTTP/1.1 401 Unauthorized"
2025-04-10 19:13:48,394 - ERROR - Tipo de parâmetro não encontrado: Chuva
2025-04-10 19:13:48,594 - INFO - HTTP Request: GET http://localhost:3000/api/tipoparametro "HTTP/1.1 401 Unauthorized"
2025-04-10 19:13:48,595 - ERROR - Tipo de parâmetro não encontrado: Direcao Vento
2025-04-10 19:13:48,795 - INFO - HTTP Request: GET http://localhost:3000/api/tipoparametro "HTTP/1.1 401 Unauthorized"
2025-04-10 19:13:48,796 - ERROR - Tipo de parâmetro não encontrado: Chuva
2025-04-10 19:13:48,989 - INFO - HTTP Request: GET http://localhost:3000/api/tipoparametro "HTTP/1.1 401 Unauthorized"
2025-04-10 19:13:48,990 - ERROR - Tipo de parâmetro não encontrado: Direcao Vento
2025-04-10 19:13:49,188 - INFO - HTTP Request: GET http://localhost:3000/api/tipoparametro "HTTP/1.1 401 Unauthorized"
2025-04-10 19:13:49,188 - ERROR - Tipo de parâmetro não encontrado: Chuva
2025-04-10 19:13:49,388 - INFO - HTTP Request: GET http://localhost:3000/api/tipoparametro "HTTP/1.1 401 Unauthorized"
2025-04-10 19:13:49,388 - ERROR - Tipo de parâmetro não encontrado: Direcao Vento
2025-04-10 19:15:47,212 - INFO - HTTP Request: GET http://localhost:3000/api/tipoparametro "HTTP/1.1 401 Unauthorized"
2025-04-10 19:15:47,213 - ERROR - Tipo de parâmetro não encontrado: Chuva
2025-04-10 19:15:47,409 - INFO - HTTP Request: GET http://localhost:3000/api/tipoparametro "HTTP/1.1 401 Unauthorized"
2025-04-10 19:15:47,410 - ERROR - Tipo de parâmetro não encontrado: Direcao Vento
2025-04-10 19:15:47,605 - INFO - HTTP Request: GET http://localhost:3000/api/tipoparametro "HTTP/1.1 401 Unauthorized"
2025-04-10 19:15:47,606 - ERROR - Tipo de parâmetro não encontrado: Chuva
2025-04-10 19:15:47,800 - INFO - HTTP Request: GET http://localhost:3000/api/tipoparametro "HTTP/1.1 401 Unauthorized"
2025-04-10 19:15:47,800 - ERROR - Tipo de parâmetro não encontrado: Direcao Vento
2025-04-10 19:15:47,997 - INFO - HTTP Request: GET http://localhost:3000/api/tipoparametro "HTTP/1.1 401 Unauthorized"
2025-04-10 19:15:47,997 - ERROR - Tipo de parâmetro não encontrado: Chuva
2025-04-10 19:15:48,190 - INFO - HTTP Request: GET http://localhost:3000/api/tipoparametro "HTTP/1.1 401 Unauthorized"
2025-04-10 19:15:48,190 - ERROR - Tipo de parâmetro não encontrado: Direcao Vento
2025-04-10 19:15:48,389 - INFO - HTTP Request: GET http://localhost:3000/api/tipoparametro "HTTP/1.1 401 Unauthorized"
2025-04-10 19:15:48,389 - ERROR - Tipo de parâmetro não encontrado: Chuva
2025-04-10 19:15:48,589 - INFO - HTTP Request: GET http://localhost:3000/api/tipoparametro "HTTP/1.1 401 Unauthorized"
2025-04-10 19:15:48,590 - ERROR - Tipo de parâmetro não encontrado: Direcao Vento
2025-04-10 19:15:48,790 - INFO - HTTP Request: GET http://localhost:3000/api/tipoparametro "HTTP/1.1 401 Unauthorized"
2025-04-10 19:15:48,791 - ERROR - Tipo de parâmetro não encontrado: Chuva
2025-04-10 19:15:48,992 - INFO - HTTP Request: GET http://localhost:3000/api/tipoparametro "HTTP/1.1 401 Unauthorized"
2025-04-10 19:15:48,992 - ERROR - Tipo de parâmetro não encontrado: Direcao Vento
2025-04-10 19:15:49,189 - INFO - HTTP Request: GET http://localhost:3000/api/tipoparametro "HTTP/1.1 401 Unauthorized"
2025-04-10 19:15:49,189 - ERROR - Tipo de parâmetro não encontrado: Chuva
2025-04-10 19:15:49,391 - INFO - HTTP Request: GET http://localhost:3000/api/tipoparametro "HTTP/1.1 401 Unauthorized"
2025-04-10 19:15:49,392 - ERROR - Tipo de parâmetro não encontrado: Direcao Vento
2025-04-10 19:15:49,596 - INFO - HTTP Request: GET http://localhost:3000/api/tipoparametro "HTTP/1.1 401 Unauthorized"
2025-04-10 19:15:49,596 - ERROR - Tipo de parâmetro não encontrado: Chuva
2025-04-10 19:15:49,791 - INFO - HTTP Request: GET http://localhost:3000/api/tipoparametro "HTTP/1.1 401 Unauthorized"
2025-04-10 19:15:49,791 - ERROR - Tipo de parâmetro não encontrado: Direcao Vento
2025-04-10 19:15:49,999 - INFO - HTTP Request: GET http://localhost:3000/api/tipoparametro "HTTP/1.1 401 Unauthorized"
2025-04-10 19:15:49,999 - ERROR - Tipo de parâmetro não encontrado: Chuva
2025-04-10 19:15:50,196 - INFO - HTTP Request: GET http://localhost:3000/api/tipoparametro "HTTP/1.1 401 Unauthorized"
2025-04-10 19:15:50,197 - ERROR - Tipo de parâmetro não encontrado: Direcao Vento
2025-04-10 19:16:43,729 - INFO - Recebendo dados da estação: bff1ec38-ed83-4f22-8bd6-5e8f4643cd24
2025-04-10 19:16:43,934 - INFO - HTTP Request: GET http://localhost:3000/api/estacao/bff1ec38-ed83-4f22-8bd6-5e8f4643cd24 "HTTP/1.1 200 OK"
2025-04-10 19:16:43,934 - INFO - Estação bff1ec38-ed83-4f22-8bd6-5e8f4643cd24 verificada com sucesso
2025-04-10 19:16:44,021 - INFO - Dados da estação bff1ec38-ed83-4f22-8bd6-5e8f4643cd24 salvos com sucesso
2025-04-10 19:20:00,179 - INFO - Iniciando serviço MQTT...
2025-04-10 19:20:00,179 - INFO - Serviço MQTT iniciado com sucesso
2025-04-10 19:20:00,180 - INFO - API iniciada com sucesso
2025-04-10 19:20:00,701 - INFO - Conectado ao broker MQTT com código: 0
2025-04-10 19:20:03,895 - INFO - Iniciando serviço MQTT...
2025-04-10 19:20:03,895 - INFO - Serviço MQTT iniciado com sucesso
2025-04-10 19:20:03,896 - INFO - API iniciada com sucesso
2025-04-10 19:20:04,371 - INFO - Conectado ao broker MQTT com código: 0
2025-04-10 19:21:23,050 - INFO - Recebendo dados da estação: bff1ec38-ed83-4f22-8bd6-5e8f4643cd24
2025-04-10 19:21:23,274 - INFO - HTTP Request: GET http://localhost:3000/api/estacao/bff1ec38-ed83-4f22-8bd6-5e8f4643cd24 "HTTP/1.1 200 OK"
2025-04-10 19:21:23,274 - INFO - Estação bff1ec38-ed83-4f22-8bd6-5e8f4643cd24 verificada com sucesso
2025-04-10 19:21:23,365 - INFO - Dados da estação bff1ec38-ed83-4f22-8bd6-5e8f4643cd24 salvos com sucesso
2025-04-10 19:21:45,843 - INFO - Recebendo dados da estação: bff1ec38-ed83-4f22-8bd6-5e8f4643cd24
2025-04-10 19:21:46,041 - INFO - HTTP Request: GET http://localhost:3000/api/estacao/bff1ec38-ed83-4f22-8bd6-5e8f4643cd24 "HTTP/1.1 200 OK"
2025-04-10 19:21:46,041 - INFO - Estação bff1ec38-ed83-4f22-8bd6-5e8f4643cd24 verificada com sucesso
2025-04-10 19:21:46,117 - INFO - Dados da estação bff1ec38-ed83-4f22-8bd6-5e8f4643cd24 salvos com sucesso
2025-04-10 19:21:48,672 - INFO - HTTP Request: GET http://localhost:3000/api/tipoparametro "HTTP/1.1 401 Unauthorized"
2025-04-10 19:21:48,673 - ERROR - Tipo de parâmetro não encontrado: Chuva
2025-04-10 19:21:48,865 - INFO - HTTP Request: GET http://localhost:3000/api/tipoparametro "HTTP/1.1 401 Unauthorized"
2025-04-10 19:21:48,865 - ERROR - Tipo de parâmetro não encontrado: Direcao Vento
2025-04-10 19:21:49,059 - INFO - HTTP Request: GET http://localhost:3000/api/tipoparametro "HTTP/1.1 401 Unauthorized"
2025-04-10 19:21:49,059 - ERROR - Tipo de parâmetro não encontrado: Chuva
2025-04-10 19:21:49,260 - INFO - HTTP Request: GET http://localhost:3000/api/tipoparametro "HTTP/1.1 401 Unauthorized"
2025-04-10 19:21:49,261 - ERROR - Tipo de parâmetro não encontrado: Direcao Vento
